<?xml version="1.0" encoding="UTF-8"?>
<!-- Generated by org.testng.reporters.JUnitReportReporter -->
<testsuite hostname="DESKTOP-J896QN7" failures="0" tests="4" name="com.test.TestNGFeatures" time="0.003" errors="0" timestamp="2021-06-14T14:24:19 PKT" skipped="0">
  <testcase classname="com.test.TestNGFeatures" name="loginTest" time="0.001"/>
  <system-out/>
  <testcase classname="com.test.TestNGFeatures" name="RegistrationPageTest" time="0.000"/>
  <system-out/>
  <testcase classname="com.test.TestNGFeatures" name="HomePageTest" time="0.001"/>
  <system-out/>
  <testcase classname="com.test.TestNGFeatures" name="SearchPageTest" time="0.001"/>
  <system-out/>
</testsuite> <!-- com.test.TestNGFeatures -->
