<?xml version="1.0" encoding="UTF-8"?>
<!-- Generated by org.testng.reporters.JUnitReportReporter -->
<testsuite hostname="DESKTOP-J896QN7" failures="0" tests="3" name="com.test.TestngBasics" time="0.008" errors="0" timestamp="2021-06-14T11:06:02 PKT" skipped="0">
  <testcase classname="com.test.TestngBasics" name="searchTest" time="0.001"/>
  <system-out/>
  <testcase classname="com.test.TestngBasics" name="googleLogoTest" time="0.002"/>
  <system-out/>
  <testcase classname="com.test.TestngBasics" name="googeTitleTest" time="0.005"/>
  <system-out/>
</testsuite> <!-- com.test.TestngBasics -->
