<?xml version="1.0" encoding="UTF-8"?>
<!-- Generated by org.testng.reporters.JUnitReportReporter -->
<testsuite hostname="DESKTOP-J896QN7" failures="0" tests="1" name="com.test.ExceptionTimeOutTest" time="0.005" errors="0" timestamp="2021-06-14T14:24:19 PKT" skipped="0">
  <testcase classname="com.test.ExceptionTimeOutTest" name="test1" time="0.005"/>
  <system-out/>
</testsuite> <!-- com.test.ExceptionTimeOutTest -->
