<?xml version="1.0" encoding="UTF-8"?>
<!-- Generated by org.testng.reporters.JUnitReportReporter -->
<testsuite hostname="DESKTOP-J896QN7" failures="0" tests="3" name="com.test.TestingBasics" time="0.011" errors="0" timestamp="2021-06-14T10:53:26 PKT" skipped="0">
  <testcase classname="com.test.TestingBasics" name="searchTest" time="0.002"/>
  <system-out/>
  <testcase classname="com.test.TestingBasics" name="googleLogoTest" time="0.004"/>
  <system-out/>
  <testcase classname="com.test.TestingBasics" name="googeTitleTest" time="0.005"/>
  <system-out/>
</testsuite> <!-- com.test.TestingBasics -->
