<?xml version="1.0" encoding="UTF-8"?>
<!-- Generated by org.testng.reporters.JUnitReportReporter -->
<testsuite hostname="DESKTOP-J896QN7" failures="0" tests="3" name="com.test.TestNG_Basics" time="0.003" errors="0" timestamp="2021-06-14T14:24:19 PKT" skipped="0">
  <testcase classname="com.test.TestNG_Basics" name="googleLogoTest" time="0.001"/>
  <system-out/>
  <testcase classname="com.test.TestNG_Basics" name="searchTest" time="0.001"/>
  <system-out/>
  <testcase classname="com.test.TestNG_Basics" name="googeTitleTest" time="0.001"/>
  <system-out/>
</testsuite> <!-- com.test.TestNG_Basics -->
