<?xml version="1.0" encoding="UTF-8"?>
<!-- Generated by org.testng.reporters.JUnitReportReporter -->
<testsuite hostname="DESKTOP-J896QN7" failures="0" tests="6" name="com.test.GoogleTest" time="22.541" errors="0" timestamp="2021-06-14T14:24:19 PKT" skipped="0">
  <testcase classname="com.test.GoogleTest" name="googleTitleTest" time="4.027"/>
  <system-out/>
  <testcase classname="com.test.GoogleTest" name="googleLogoTest" time="3.363"/>
  <system-out/>
  <testcase classname="com.test.GoogleTest" name="gmailLinkTest" time="3.390"/>
  <system-out/>
  <testcase classname="com.test.GoogleTest" name="test2" time="3.426"/>
  <system-out/>
  <testcase classname="com.test.GoogleTest" name="test3" time="4.964"/>
  <system-out/>
  <testcase classname="com.test.GoogleTest" name="test1" time="3.371"/>
  <system-out/>
</testsuite> <!-- com.test.GoogleTest -->
