<?xml version="1.0" encoding="UTF-8"?>
<!-- Generated by org.testng.reporters.JUnitReportReporter -->
<testsuite hostname="DESKTOP-J896QN7" failures="0" tests="2" name="com.test.GoogleTitleTest" time="6.998" errors="0" timestamp="2021-06-14T14:24:19 PKT" skipped="0">
  <testcase classname="com.test.GoogleTitleTest" name="googleLogoTest" time="3.459"/>
  <system-out/>
  <testcase classname="com.test.GoogleTitleTest" name="googleTitleTest" time="3.539"/>
  <system-out/>
</testsuite> <!-- com.test.GoogleTitleTest -->
